
gown
miniskirt, mini
guillotine
pizza, pizza pie
pajama, pyjama, pj's, jammies
harp
sarong
car mirror
dock, dockage, docking facility
oxygen mask
dock, dockage, docking facility
dock, dockage, docking facility
space shuttle
car mirror
car mirror
dock, dockage, docking facility
mountain bike, all-terrain bike, off-roader
steel arch bridge
car mirror
minivan
moving van
moving van
cab, hack, taxi, taxicab
moving van
space shuttle
car mirror
car mirror
garbage truck, dustcart
mountain bike, all-terrain bike, off-roader
minivan
car mirror
dock, dockage, docking facility
oxygen mask
space shuttle
dock, dockage, docking facility
dock, dockage, docking facility
space shuttle
car mirror
car mirror
dock, dockage, docking facility
mountain bike, all-terrain bike, off-roader
steel arch bridge